INFO:     Will watch for changes in these directories: ['/home/sandeep.lingam/app-project/Audit-App/backend']
INFO:     Uvicorn running on http://127.0.0.1:8000 (Press CTRL+C to quit)
INFO:     Started reloader process [36054] using WatchFiles
INFO:     Started server process [36057]
INFO:     Waiting for application startup.
INFO:     Application startup complete.
✅ Database initialized
✅ Vector store: azure_search
INFO:     127.0.0.1:59566 - "GET /health HTTP/1.1" 200 OK
INFO:     127.0.0.1:52834 - "GET /api/engagements HTTP/1.1" 200 OK
INFO:     127.0.0.1:52844 - "GET /api/engagements HTTP/1.1" 200 OK
INFO:     127.0.0.1:52844 - "GET /api/engagements/a999df5b-fa66-4d84-977c-f65f17f540be/documents HTTP/1.1" 200 OK
INFO:     127.0.0.1:52834 - "GET /api/engagements/a999df5b-fa66-4d84-977c-f65f17f540be/documents HTTP/1.1" 200 OK
WARNING:  WatchFiles detected changes in 'app/config.py', 'app/main.py'. Reloading...
INFO:     Shutting down
INFO:     Waiting for application shutdown.
INFO:     Application shutdown complete.
INFO:     Finished server process [36057]
👋 Shutting down...
Unclosed connection
connection: <aioodbc.connection.Connection object at 0x77342c107710>
INFO:     Started server process [41460]
INFO:     Waiting for application startup.
INFO:     Application startup complete.
🚀 Starting Audit App API v1.1.0
📍 Environment: staging
✅ Database initialized
✅ Vector store: azure_search
✅ CORS origins: http://localhost:5173, http://localhost:3000, https://auditapp-staging-frontend.azurestaticapps.net...
✅ Application Insights enabled
✅ API ready to accept requests
INFO:     127.0.0.1:49366 - "GET /api/engagements/a999df5b-fa66-4d84-977c-f65f17f540be/documents HTTP/1.1" 200 OK
WARNING:  WatchFiles detected changes in 'app/config.py', 'app/main.py'. Reloading...
INFO:     Shutting down
INFO:     Waiting for application shutdown.
INFO:     Application shutdown complete.
INFO:     Finished server process [41460]
👋 Shutting down Audit App API...
Unclosed connection
connection: <aioodbc.connection.Connection object at 0x7476c7391250>
INFO:     Started server process [42059]
INFO:     Waiting for application startup.
INFO:     Application startup complete.
🚀 Starting Audit App API v1.1.0
📍 Environment: staging
✅ Database initialized
✅ Vector store: azure_search
✅ CORS origins: http://localhost:5173, http://localhost:3000, https://auditapp-staging-frontend.azurestaticapps.net...
✅ Application Insights enabled
✅ API ready to accept requests
INFO:     127.0.0.1:56504 - "GET /api/engagements/a999df5b-fa66-4d84-977c-f65f17f540be/documents HTTP/1.1" 200 OK
