========================================
Audit App - Complete Deployment
========================================

[1;33mConfiguration:[0m
  Environment: staging
  Location: eastus
  Resource Group: auditapp-staging-rg

[0;32mChecking Azure login...[0m
[0;32mUsing subscription: ai-dev[0m

[0;32mCreating resource group: auditapp-staging-rg[0m
{
  "id": "/subscriptions/5174be66-ca82-423c-b405-259414906e7c/resourceGroups/auditapp-staging-rg",
  "location": "eastus",
  "managedBy": null,
  "name": "auditapp-staging-rg",
  "properties": {
    "provisioningState": "Succeeded"
  },
  "tags": {
    "Application": "AuditApp",
    "Environment": "staging",
    "ManagedBy": "Script"
  },
  "type": "Microsoft.Resources/resourceGroups"
}

[0;32mDeploying infrastructure...[0m
This may take 10-15 minutes...

[1;33mReusing existing resources from rg-saga-dev:[0m
  - AI Search: gptkb-obghpsbi63abq
  - Storage Account: stobghpsbi63abq

WARNING: /home/sandeep.lingam/app-project/Audit-App/infrastructure/main.bicep(51,33) : Warning use-secure-value-for-secure-inputs: Property 'administratorLoginPassword' expects a secure value, but the value provided may not be secure. [https://aka.ms/bicep/linter-diagnostics#use-secure-value-for-secure-inputs]
/home/sandeep.lingam/app-project/Audit-App/infrastructure/main.bicep(86,9) : Warning BCP334: The provided value can have a length as small as 2 and may be too short to assign to a target with a configured minimum length of 3. [https://aka.ms/bicep/core-diagnostics#BCP334]
/home/sandeep.lingam/app-project/Audit-App/infrastructure/main.bicep(228,9) : Warning BCP334: The provided value can have a length as small as 3 and may be too short to assign to a target with a configured minimum length of 5. [https://aka.ms/bicep/core-diagnostics#BCP334]
/home/sandeep.lingam/app-project/Audit-App/infrastructure/main.bicep(291,62) : Warning BCP422: A resource of type "Microsoft.Search/searchServices | null" may or may not exist when this function is called, which could cause the deployment to fail. [https://aka.ms/bicep/core-diagnostics#BCP422]
/home/sandeep.lingam/app-project/Audit-App/infrastructure/main.bicep(291,105) : Warning BCP422: A resource of type "Microsoft.Search/searchServices | null" may or may not exist when this function is called, which could cause the deployment to fail. [https://aka.ms/bicep/core-diagnostics#BCP422]
/home/sandeep.lingam/app-project/Audit-App/infrastructure/main.bicep(295,150) : Warning BCP422: A resource of type "Microsoft.Storage/storageAccounts | null" may or may not exist when this function is called, which could cause the deployment to fail. [https://aka.ms/bicep/core-diagnostics#BCP422]
/home/sandeep.lingam/app-project/Audit-App/infrastructure/main.bicep(295,306) : Warning BCP422: A resource of type "Microsoft.Storage/storageAccounts | null" may or may not exist when this function is called, which could cause the deployment to fail. [https://aka.ms/bicep/core-diagnostics#BCP422]
/home/sandeep.lingam/app-project/Audit-App/infrastructure/main.bicep(426,150) : Warning outputs-should-not-contain-secrets: Outputs should not contain secrets. Found possible secret: function 'listKeys' [https://aka.ms/bicep/linter-diagnostics#outputs-should-not-contain-secrets]
/home/sandeep.lingam/app-project/Audit-App/infrastructure/main.bicep(426,173) : Warning BCP422: A resource of type "Microsoft.Storage/storageAccounts | null" may or may not exist when this function is called, which could cause the deployment to fail. [https://aka.ms/bicep/core-diagnostics#BCP422]
/home/sandeep.lingam/app-project/Audit-App/infrastructure/main.bicep(426,314) : Warning outputs-should-not-contain-secrets: Outputs should not contain secrets. Found possible secret: function 'listKeys' [https://aka.ms/bicep/linter-diagnostics#outputs-should-not-contain-secrets]
/home/sandeep.lingam/app-project/Audit-App/infrastructure/main.bicep(426,329) : Warning BCP422: A resource of type "Microsoft.Storage/storageAccounts | null" may or may not exist when this function is called, which could cause the deployment to fail. [https://aka.ms/bicep/core-diagnostics#BCP422]
/home/sandeep.lingam/app-project/Audit-App/infrastructure/main.bicep(429,52) : Warning outputs-should-not-contain-secrets: Outputs should not contain secrets. Found possible secret: function 'listAdminKeys' [https://aka.ms/bicep/linter-diagnostics#outputs-should-not-contain-secrets]
/home/sandeep.lingam/app-project/Audit-App/infrastructure/main.bicep(429,74) : Warning BCP422: A resource of type "Microsoft.Search/searchServices | null" may or may not exist when this function is called, which could cause the deployment to fail. [https://aka.ms/bicep/core-diagnostics#BCP422]
/home/sandeep.lingam/app-project/Audit-App/infrastructure/main.bicep(429,103) : Warning outputs-should-not-contain-secrets: Outputs should not contain secrets. Found possible secret: function 'listAdminKeys' [https://aka.ms/bicep/linter-diagnostics#outputs-should-not-contain-secrets]
/home/sandeep.lingam/app-project/Audit-App/infrastructure/main.bicep(429,117) : Warning BCP422: A resource of type "Microsoft.Search/searchServices | null" may or may not exist when this function is called, which could cause the deployment to fail. [https://aka.ms/bicep/core-diagnostics#BCP422]
/home/sandeep.lingam/app-project/Audit-App/infrastructure/main.bicep(431,85) : Warning outputs-should-not-contain-secrets: Outputs should not contain secrets. Found possible secret: function 'listKeys' [https://aka.ms/bicep/linter-diagnostics#outputs-should-not-contain-secrets]

